app/build/outputs/logs/manifest-merger-release-report.txt
-- Merging decision tree log ---
manifest
ADDED from src/main/AndroidManifest.xml:2:1-393:12
	package
		ADDED from src/main/AndroidManifest.xml:4:5-41
		INJECTED from src/main/AndroidManifest.xml
		INJECTED from src/main/AndroidManifest.xml
	android:versionName
		INJECTED from src/main/AndroidManifest.xml
		INJECTED from src/main/AndroidManifest.xml
	xmlns:tools
		ADDED from src/main/AndroidManifest.xml:3:5-51
	xmlns:android
		ADDED from src/main/AndroidManifest.xml:2:11-69
	android:versionCode
		INJECTED from src/main/AndroidManifest.xml
		INJECTED from src/main/AndroidManifest.xml
uses-permission#android.permission.ACCESS_FINE_LOCATION
ADDED from src/main/AndroidManifest.xml:6:5-79
	android:name
		ADDED from src/main/AndroidManifest.xml:6:22-76
uses-permission#android.permission.ACCESS_COARSE_LOCATION
ADDED from src/main/AndroidManifest.xml:7:5-81
	android:name
		ADDED from src/main/AndroidManifest.xml:7:22-78
uses-permission#android.permission.ACCESS_GPS
ADDED from src/main/AndroidManifest.xml:8:5-69
	android:name
		ADDED from src/main/AndroidManifest.xml:8:22-66
uses-permission#android.permission.ACCESS_ASSISTED_GPS
ADDED from src/main/AndroidManifest.xml:9:5-78
	android:name
		ADDED from src/main/AndroidManifest.xml:9:22-75
uses-permission#android.permission.INTERNET
ADDED from src/main/AndroidManifest.xml:10:5-67
MERGED from [com.google.firebase:firebase-analytics:11.2.2] AndroidManifest.xml:20:5-66
MERGED from [com.google.firebase:firebase-analytics-impl:11.2.2] AndroidManifest.xml:20:5-66
MERGED from [com.google.firebase:firebase-iid:11.2.2] AndroidManifest.xml:20:5-66
MERGED from [com.google.android.gms:play-services-gcm:11.2.2] AndroidManifest.xml:21:5-66
MERGED from [com.google.android.gms:play-services-iid:11.2.2] AndroidManifest.xml:21:5-66
MERGED from [com.google.android.gms:play-services-maps:11.2.2] AndroidManifest.xml:20:5-66
	android:name
		ADDED from src/main/AndroidManifest.xml:10:22-64
uses-permission#android.permission.READ_INTERNAL_STORAGE
ADDED from src/main/AndroidManifest.xml:12:5-80
	android:name
		ADDED from src/main/AndroidManifest.xml:12:22-77
uses-permission#android.permission.WRITE_INTERNAL_STORAGE
ADDED from src/main/AndroidManifest.xml:13:5-81
	android:name
		ADDED from src/main/AndroidManifest.xml:13:22-78
uses-permission#android.permission.READ
ADDED from src/main/AndroidManifest.xml:14:5-63
	android:name
		ADDED from src/main/AndroidManifest.xml:14:22-60
uses-permission#android.permission.CAMERA
ADDED from src/main/AndroidManifest.xml:16:5-65
	android:name
		ADDED from src/main/AndroidManifest.xml:16:22-62
uses-permission#android.permission.ACCESS_NETWORK_STATE
ADDED from src/main/AndroidManifest.xml:17:5-79
MERGED from [com.google.firebase:firebase-analytics:11.2.2] AndroidManifest.xml:21:5-78
MERGED from [com.google.firebase:firebase-analytics-impl:11.2.2] AndroidManifest.xml:21:5-78
MERGED from [com.google.firebase:firebase-iid:11.2.2] AndroidManifest.xml:19:5-78
MERGED from [com.google.android.gms:play-services-maps:11.2.2] AndroidManifest.xml:19:5-78
	android:name
		ADDED from src/main/AndroidManifest.xml:17:22-76
uses-permission#android.permission.ACCESS_WIFI_STATE
ADDED from src/main/AndroidManifest.xml:18:5-76
	android:name
		ADDED from src/main/AndroidManifest.xml:18:22-73
uses-permission#android.permission.VIBRATE
ADDED from src/main/AndroidManifest.xml:19:5-66
	android:name
		ADDED from src/main/AndroidManifest.xml:19:22-63
uses-permission#android.permission.CALL_PHONE
ADDED from src/main/AndroidManifest.xml:21:5-69
	android:name
		ADDED from src/main/AndroidManifest.xml:21:22-66
uses-permission#android.permission.READ_EXTERNAL_STORAGE
ADDED from src/main/AndroidManifest.xml:22:5-80
	android:name
		ADDED from src/main/AndroidManifest.xml:22:22-77
uses-permission#android.permission.WRITE_EXTERNAL_STORAGE
ADDED from src/main/AndroidManifest.xml:23:5-81
	android:name
		ADDED from src/main/AndroidManifest.xml:23:22-78
uses-permission#android.permission.MEDIA_CONTENT_CONTROL
ADDED from src/main/AndroidManifest.xml:24:5-80
	android:name
		ADDED from src/main/AndroidManifest.xml:24:22-77
application
ADDED from src/main/AndroidManifest.xml:29:5-391:19
MERGED from [com.android.support:design:26.1.0] AndroidManifest.xml:25:5-29:19
MERGED from [com.android.support:transition:26.1.0] AndroidManifest.xml:22:5-26:19
MERGED from [com.android.support:recyclerview-v7:26.1.0] AndroidManifest.xml:22:5-26:19
MERGED from [com.android.support.constraint:constraint-layout:1.0.2] AndroidManifest.xml:9:5-20
MERGED from [com.github.danielemaddaluno.androidupdatechecker:library:1.0.2] AndroidManifest.xml:26:5-47
MERGED from [com.facebook.android:facebook-android-sdk:4.36.1] AndroidManifest.xml:28:5-29:19
MERGED from [com.facebook.android:facebook-login:4.36.1] AndroidManifest.xml:28:5-29:19
MERGED from [com.facebook.android:facebook-share:4.36.1] AndroidManifest.xml:28:5-29:19
MERGED from [com.facebook.android:facebook-common:4.36.1] AndroidManifest.xml:28:5-35:19
MERGED from [com.facebook.android:facebook-places:4.36.1] AndroidManifest.xml:28:5-29:19
MERGED from [com.facebook.android:facebook-applinks:4.36.1] AndroidManifest.xml:28:5-29:19
MERGED from [com.facebook.android:facebook-messenger:4.36.1] AndroidManifest.xml:28:5-29:19
MERGED from [com.facebook.android:facebook-marketing:4.36.1] AndroidManifest.xml:28:5-33:19
MERGED from [com.facebook.android:facebook-core:4.36.1] AndroidManifest.xml:28:5-51:19
MERGED from [com.android.volley:volley:1.0.0] AndroidManifest.xml:9:5-20
MERGED from [com.githang:viewpagerindicator:2.4.2] AndroidManifest.xml:11:5-20
MERGED from [com.google.firebase:firebase-core:11.2.2] AndroidManifest.xml:5:5-20
MERGED from [com.google.firebase:firebase-analytics:11.2.2] AndroidManifest.xml:24:5-34:19
MERGED from [com.google.firebase:firebase-analytics-impl:11.2.2] AndroidManifest.xml:24:5-28:19
MERGED from [com.google.firebase:firebase-messaging:11.2.2] AndroidManifest.xml:19:5-29:19
MERGED from [com.google.firebase:firebase-iid:11.2.2] AndroidManifest.xml:28:5-49:19
MERGED from [com.google.firebase:firebase-common:11.2.2] AndroidManifest.xml:4:5-7:19
MERGED from [com.google.android.gms:play-services-gcm:11.2.2] AndroidManifest.xml:23:5-19
MERGED from [com.google.android.gms:play-services-iid:11.2.2] AndroidManifest.xml:23:5-19
MERGED from [com.google.android.gms:play-services-maps:11.2.2] AndroidManifest.xml:24:5-19
MERGED from [com.google.android.gms:play-services-location:11.2.2] AndroidManifest.xml:4:5-19
MERGED from [com.google.android.gms:play-services-base:11.2.2] AndroidManifest.xml:18:5-20:19
MERGED from [com.google.android.gms:play-services-tasks:11.2.2] AndroidManifest.xml:4:5-19
MERGED from [com.google.android.gms:play-services-basement:11.2.2] AndroidManifest.xml:19:5-21:19
MERGED from [com.prolificinteractive:material-calendarview:1.4.3] AndroidManifest.xml:12:5-20
MERGED from [de.hdodenhof:circleimageview:2.2.0] AndroidManifest.xml:9:5-20
MERGED from [com.github.aakira:expandable-layout:1.6.0] AndroidManifest.xml:12:5-20
MERGED from [com.microsoft.azure:azure-notifications-handler:1.0.1] AndroidManifest.xml:11:5-15:19
	android:supportsRtl
		ADDED from src/main/AndroidManifest.xml:31:9-35
	android:label
		ADDED from [com.microsoft.azure:azure-notifications-handler:1.0.1] AndroidManifest.xml:14:9-41
	android:roundIcon
		ADDED from src/main/AndroidManifest.xml:33:9-54
	android:allowBackup
		ADDED from src/main/AndroidManifest.xml:30:9-35
	android:icon
		ADDED from src/main/AndroidManifest.xml:32:9-43
		REJECTED from [com.microsoft.azure:azure-notifications-handler:1.0.1] AndroidManifest.xml:13:9-45
	android:theme
		ADDED from src/main/AndroidManifest.xml:35:9-40
	tools:replace
		ADDED from src/main/AndroidManifest.xml:34:9-37
meta-data#com.facebook.sdk.ApplicationId
ADDED from src/main/AndroidManifest.xml:37:9-39:46
	android:value
		ADDED from src/main/AndroidManifest.xml:39:13-43
	android:name
		ADDED from src/main/AndroidManifest.xml:38:13-58
meta-data#com.google.android.gms.version
ADDED from src/main/AndroidManifest.xml:41:9-42:69
MERGED from [com.google.android.gms:play-services-basement:11.2.2] AndroidManifest.xml:20:9-121
	android:value
		ADDED from src/main/AndroidManifest.xml:42:13-66
	android:name
		ADDED from src/main/AndroidManifest.xml:41:20-65
meta-data#com.google.android.geo.API_KEY
ADDED from src/main/AndroidManifest.xml:44:9-46:55
	android:value
		ADDED from src/main/AndroidManifest.xml:46:13-52
	android:name
		ADDED from src/main/AndroidManifest.xml:45:13-58
activity#com.facebook.FacebookActivity
ADDED from src/main/AndroidManifest.xml:48:9-51:48
MERGED from [com.facebook.android:facebook-common:4.36.1] AndroidManifest.xml:29:9-32:66
	android:label
		ADDED from src/main/AndroidManifest.xml:51:13-45
	android:configChanges
		ADDED from src/main/AndroidManifest.xml:50:13-96
	android:theme
		ADDED from [com.facebook.android:facebook-common:4.36.1] AndroidManifest.xml:32:13-63
	android:name
		ADDED from src/main/AndroidManifest.xml:49:13-57
activity#com.system.mobile.lay_bare.Transactions.Appointment
ADDED from src/main/AndroidManifest.xml:53:9-59:67
	android:screenOrientation
		ADDED from src/main/AndroidManifest.xml:57:13-49
	android:label
		ADDED from src/main/AndroidManifest.xml:56:13-29
	android:windowSoftInputMode
		ADDED from src/main/AndroidManifest.xml:59:13-55
	android:configChanges
		ADDED from src/main/AndroidManifest.xml:55:13-59
	android:theme
		ADDED from src/main/AndroidManifest.xml:58:13-56
	android:name
		ADDED from src/main/AndroidManifest.xml:54:13-53
activity#com.system.mobile.lay_bare.Transactions.AppointmentPreview
ADDED from src/main/AndroidManifest.xml:61:9-66:57
	android:screenOrientation
		ADDED from src/main/AndroidManifest.xml:64:13-49
	android:label
		ADDED from src/main/AndroidManifest.xml:63:13-29
	android:windowSoftInputMode
		ADDED from src/main/AndroidManifest.xml:66:13-54
	android:theme
		ADDED from src/main/AndroidManifest.xml:65:13-56
	android:name
		ADDED from src/main/AndroidManifest.xml:62:13-60
activity#com.system.mobile.lay_bare.ForgotPassword
ADDED from src/main/AndroidManifest.xml:67:9-72:63
	android:screenOrientation
		ADDED from src/main/AndroidManifest.xml:70:13-49
	android:label
		ADDED from src/main/AndroidManifest.xml:69:13-29
	android:windowSoftInputMode
		ADDED from src/main/AndroidManifest.xml:72:13-60
	android:theme
		ADDED from src/main/AndroidManifest.xml:71:13-56
	android:name
		ADDED from src/main/AndroidManifest.xml:68:13-43
activity#com.system.mobile.lay_bare.Register
ADDED from src/main/AndroidManifest.xml:73:9-78:57
	android:screenOrientation
		ADDED from src/main/AndroidManifest.xml:76:13-49
	android:label
		ADDED from src/main/AndroidManifest.xml:75:13-29
	android:windowSoftInputMode
		ADDED from src/main/AndroidManifest.xml:78:13-54
	android:theme
		ADDED from src/main/AndroidManifest.xml:77:13-56
	android:name
		ADDED from src/main/AndroidManifest.xml:74:13-37
activity#com.system.mobile.lay_bare.FAQs.FAQ
ADDED from src/main/AndroidManifest.xml:79:9-84:57
	android:screenOrientation
		ADDED from src/main/AndroidManifest.xml:82:13-49
	android:label
		ADDED from src/main/AndroidManifest.xml:81:13-29
	android:windowSoftInputMode
		ADDED from src/main/AndroidManifest.xml:84:13-54
	android:theme
		ADDED from src/main/AndroidManifest.xml:83:13-56
	android:name
		ADDED from src/main/AndroidManifest.xml:80:13-37
activity#com.system.mobile.lay_bare.FAQs.FAQuestions
ADDED from src/main/AndroidManifest.xml:85:9-90:57
	android:screenOrientation
		ADDED from src/main/AndroidManifest.xml:88:13-49
	android:label
		ADDED from src/main/AndroidManifest.xml:87:13-29
	android:windowSoftInputMode
		ADDED from src/main/AndroidManifest.xml:90:13-54
	android:theme
		ADDED from src/main/AndroidManifest.xml:89:13-56
	android:name
		ADDED from src/main/AndroidManifest.xml:86:13-45
activity#com.system.mobile.lay_bare.NavigationDrawer.NavigationDrawerActivity
ADDED from src/main/AndroidManifest.xml:91:9-96:57
	android:screenOrientation
		ADDED from src/main/AndroidManifest.xml:94:13-49
	android:label
		ADDED from src/main/AndroidManifest.xml:93:13-29
	android:windowSoftInputMode
		ADDED from src/main/AndroidManifest.xml:96:13-54
	android:theme
		ADDED from src/main/AndroidManifest.xml:95:13-56
	android:name
		ADDED from src/main/AndroidManifest.xml:92:13-70
activity#com.system.mobile.lay_bare.Queuing.Queuing
ADDED from src/main/AndroidManifest.xml:98:9-103:63
	android:screenOrientation
		ADDED from src/main/AndroidManifest.xml:101:13-49
	android:label
		ADDED from src/main/AndroidManifest.xml:100:13-29
	android:windowSoftInputMode
		ADDED from src/main/AndroidManifest.xml:103:13-60
	android:theme
		ADDED from src/main/AndroidManifest.xml:102:13-56
	android:name
		ADDED from src/main/AndroidManifest.xml:99:13-44
activity#com.system.mobile.lay_bare.SplashScreen
ADDED from src/main/AndroidManifest.xml:105:9-114:20
	android:screenOrientation
		ADDED from src/main/AndroidManifest.xml:107:13-49
	android:theme
		ADDED from src/main/AndroidManifest.xml:108:13-56
	android:name
		ADDED from src/main/AndroidManifest.xml:106:13-41
intent-filter#android.intent.action.MAIN+android.intent.category.LAUNCHER
ADDED from src/main/AndroidManifest.xml:109:13-113:29
action#android.intent.action.MAIN
ADDED from src/main/AndroidManifest.xml:110:17-69
	android:name
		ADDED from src/main/AndroidManifest.xml:110:25-66
category#android.intent.category.LAUNCHER
ADDED from src/main/AndroidManifest.xml:112:17-77
	android:name
		ADDED from src/main/AndroidManifest.xml:112:27-74
activity#com.system.mobile.lay_bare.MainActivity
ADDED from src/main/AndroidManifest.xml:116:9-122:67
	android:screenOrientation
		ADDED from src/main/AndroidManifest.xml:120:13-49
	android:label
		ADDED from src/main/AndroidManifest.xml:119:13-29
	android:windowSoftInputMode
		ADDED from src/main/AndroidManifest.xml:122:13-55
	android:configChanges
		ADDED from src/main/AndroidManifest.xml:118:13-59
	android:theme
		ADDED from src/main/AndroidManifest.xml:121:13-56
	android:name
		ADDED from src/main/AndroidManifest.xml:117:13-41
activity#com.system.mobile.lay_bare.NewLogin
ADDED from src/main/AndroidManifest.xml:123:9-129:68
	android:screenOrientation
		ADDED from src/main/AndroidManifest.xml:127:13-49
	android:label
		ADDED from src/main/AndroidManifest.xml:126:13-29
	android:windowSoftInputMode
		ADDED from src/main/AndroidManifest.xml:128:13-54
	android:configChanges
		ADDED from src/main/AndroidManifest.xml:125:13-59
	android:theme
		ADDED from src/main/AndroidManifest.xml:129:13-56
	android:name
		ADDED from src/main/AndroidManifest.xml:124:13-37
activity#com.system.mobile.lay_bare.IPSettings
ADDED from src/main/AndroidManifest.xml:130:9-133:59
	android:screenOrientation
		ADDED from src/main/AndroidManifest.xml:132:13-49
	android:theme
		ADDED from src/main/AndroidManifest.xml:133:13-56
	android:name
		ADDED from src/main/AndroidManifest.xml:131:13-39
activity#com.system.mobile.lay_bare.Profile.PromotionDetails
ADDED from src/main/AndroidManifest.xml:136:9-142:58
	android:screenOrientation
		ADDED from src/main/AndroidManifest.xml:140:13-49
	android:label
		ADDED from src/main/AndroidManifest.xml:139:13-29
	android:windowSoftInputMode
		ADDED from src/main/AndroidManifest.xml:142:13-55
	android:configChanges
		ADDED from src/main/AndroidManifest.xml:138:13-59
	android:theme
		ADDED from src/main/AndroidManifest.xml:141:13-56
	android:name
		ADDED from src/main/AndroidManifest.xml:137:13-53
activity#com.system.mobile.lay_bare.Profile.ClientProfile
ADDED from src/main/AndroidManifest.xml:143:9-149:66
	android:screenOrientation
		ADDED from src/main/AndroidManifest.xml:147:13-49
	android:label
		ADDED from src/main/AndroidManifest.xml:146:13-29
	android:windowSoftInputMode
		ADDED from src/main/AndroidManifest.xml:149:13-54
	android:configChanges
		ADDED from src/main/AndroidManifest.xml:145:13-59
	android:theme
		ADDED from src/main/AndroidManifest.xml:148:13-56
	android:name
		ADDED from src/main/AndroidManifest.xml:144:13-50
activity#com.system.mobile.lay_bare.Profile.ClientEditProfile
ADDED from src/main/AndroidManifest.xml:150:9-156:66
	android:screenOrientation
		ADDED from src/main/AndroidManifest.xml:154:13-49
	android:label
		ADDED from src/main/AndroidManifest.xml:153:13-29
	android:windowSoftInputMode
		ADDED from src/main/AndroidManifest.xml:156:13-54
	android:configChanges
		ADDED from src/main/AndroidManifest.xml:152:13-59
	android:theme
		ADDED from src/main/AndroidManifest.xml:155:13-56
	android:name
		ADDED from src/main/AndroidManifest.xml:151:13-54
activity#com.system.mobile.lay_bare.Transactions.AppointmentSelection
ADDED from src/main/AndroidManifest.xml:157:9-163:66
	android:screenOrientation
		ADDED from src/main/AndroidManifest.xml:161:13-49
	android:label
		ADDED from src/main/AndroidManifest.xml:160:13-29
	android:windowSoftInputMode
		ADDED from src/main/AndroidManifest.xml:163:13-54
	android:configChanges
		ADDED from src/main/AndroidManifest.xml:159:13-59
	android:theme
		ADDED from src/main/AndroidManifest.xml:162:13-56
	android:name
		ADDED from src/main/AndroidManifest.xml:158:13-62
activity#com.system.mobile.lay_bare.Transactions.AppointmentForm
ADDED from src/main/AndroidManifest.xml:164:9-170:66
	android:screenOrientation
		ADDED from src/main/AndroidManifest.xml:168:13-49
	android:label
		ADDED from src/main/AndroidManifest.xml:167:13-29
	android:windowSoftInputMode
		ADDED from src/main/AndroidManifest.xml:170:13-54
	android:configChanges
		ADDED from src/main/AndroidManifest.xml:166:13-59
	android:theme
		ADDED from src/main/AndroidManifest.xml:169:13-56
	android:name
		ADDED from src/main/AndroidManifest.xml:165:13-57
activity#com.system.mobile.lay_bare.GeneralActivity.ServicePackageProduct
ADDED from src/main/AndroidManifest.xml:171:9-177:66
	android:screenOrientation
		ADDED from src/main/AndroidManifest.xml:175:13-49
	android:label
		ADDED from src/main/AndroidManifest.xml:174:13-29
	android:windowSoftInputMode
		ADDED from src/main/AndroidManifest.xml:177:13-54
	android:configChanges
		ADDED from src/main/AndroidManifest.xml:173:13-59
	android:theme
		ADDED from src/main/AndroidManifest.xml:176:13-56
	android:name
		ADDED from src/main/AndroidManifest.xml:172:13-66
activity#com.system.mobile.lay_bare.GeneralActivity.TimeSelection
ADDED from src/main/AndroidManifest.xml:178:9-184:66
	android:screenOrientation
		ADDED from src/main/AndroidManifest.xml:182:13-49
	android:label
		ADDED from src/main/AndroidManifest.xml:181:13-29
	android:windowSoftInputMode
		ADDED from src/main/AndroidManifest.xml:184:13-54
	android:configChanges
		ADDED from src/main/AndroidManifest.xml:180:13-59
	android:theme
		ADDED from src/main/AndroidManifest.xml:183:13-56
	android:name
		ADDED from src/main/AndroidManifest.xml:179:13-58
activity#com.system.mobile.lay_bare.GeneralActivity.BranchSelection
ADDED from src/main/AndroidManifest.xml:185:9-191:66
	android:screenOrientation
		ADDED from src/main/AndroidManifest.xml:189:13-49
	android:label
		ADDED from src/main/AndroidManifest.xml:188:13-29
	android:windowSoftInputMode
		ADDED from src/main/AndroidManifest.xml:191:13-54
	android:configChanges
		ADDED from src/main/AndroidManifest.xml:187:13-59
	android:theme
		ADDED from src/main/AndroidManifest.xml:190:13-56
	android:name
		ADDED from src/main/AndroidManifest.xml:186:13-60
activity#com.system.mobile.lay_bare.ItemDetails
ADDED from src/main/AndroidManifest.xml:192:9-198:66
	android:screenOrientation
		ADDED from src/main/AndroidManifest.xml:196:13-49
	android:label
		ADDED from src/main/AndroidManifest.xml:195:13-29
	android:windowSoftInputMode
		ADDED from src/main/AndroidManifest.xml:198:13-54
	android:configChanges
		ADDED from src/main/AndroidManifest.xml:194:13-59
	android:theme
		ADDED from src/main/AndroidManifest.xml:197:13-56
	android:name
		ADDED from src/main/AndroidManifest.xml:193:13-40
activity#com.system.mobile.lay_bare.GeneralActivity.TechnicianSelection
ADDED from src/main/AndroidManifest.xml:199:9-205:66
	android:screenOrientation
		ADDED from src/main/AndroidManifest.xml:203:13-49
	android:label
		ADDED from src/main/AndroidManifest.xml:202:13-29
	android:windowSoftInputMode
		ADDED from src/main/AndroidManifest.xml:205:13-54
	android:configChanges
		ADDED from src/main/AndroidManifest.xml:201:13-59
	android:theme
		ADDED from src/main/AndroidManifest.xml:204:13-56
	android:name
		ADDED from src/main/AndroidManifest.xml:200:13-64
activity#com.system.mobile.lay_bare.Promotions
ADDED from src/main/AndroidManifest.xml:206:9-212:66
	android:screenOrientation
		ADDED from src/main/AndroidManifest.xml:210:13-49
	android:label
		ADDED from src/main/AndroidManifest.xml:209:13-29
	android:windowSoftInputMode
		ADDED from src/main/AndroidManifest.xml:212:13-54
	android:configChanges
		ADDED from src/main/AndroidManifest.xml:208:13-59
	android:theme
		ADDED from src/main/AndroidManifest.xml:211:13-56
	android:name
		ADDED from src/main/AndroidManifest.xml:207:13-39
activity#com.system.mobile.lay_bare.ClientTransactions.ClientTransactions
ADDED from src/main/AndroidManifest.xml:214:9-219:66
	android:screenOrientation
		ADDED from src/main/AndroidManifest.xml:217:13-49
	android:label
		ADDED from src/main/AndroidManifest.xml:216:13-29
	android:windowSoftInputMode
		ADDED from src/main/AndroidManifest.xml:219:13-54
	android:theme
		ADDED from src/main/AndroidManifest.xml:218:13-56
	android:name
		ADDED from src/main/AndroidManifest.xml:215:13-66
activity#com.system.mobile.lay_bare.Transactions.AppointmentHistory
ADDED from src/main/AndroidManifest.xml:221:9-227:66
	android:screenOrientation
		ADDED from src/main/AndroidManifest.xml:225:13-49
	android:label
		ADDED from src/main/AndroidManifest.xml:224:13-29
	android:windowSoftInputMode
		ADDED from src/main/AndroidManifest.xml:227:13-54
	android:configChanges
		ADDED from src/main/AndroidManifest.xml:223:13-59
	android:theme
		ADDED from src/main/AndroidManifest.xml:226:13-56
	android:name
		ADDED from src/main/AndroidManifest.xml:222:13-60
activity#com.system.mobile.lay_bare.Location.LocationMap
ADDED from src/main/AndroidManifest.xml:231:9-237:66
	android:screenOrientation
		ADDED from src/main/AndroidManifest.xml:235:13-49
	android:label
		ADDED from src/main/AndroidManifest.xml:233:13-29
	android:windowSoftInputMode
		ADDED from src/main/AndroidManifest.xml:237:13-54
	android:configChanges
		ADDED from src/main/AndroidManifest.xml:234:13-59
	android:theme
		ADDED from src/main/AndroidManifest.xml:236:13-56
	android:name
		ADDED from src/main/AndroidManifest.xml:232:13-49
activity#com.system.mobile.lay_bare.Location.LocationSearch
ADDED from src/main/AndroidManifest.xml:239:9-245:66
	android:screenOrientation
		ADDED from src/main/AndroidManifest.xml:243:13-49
	android:label
		ADDED from src/main/AndroidManifest.xml:241:13-29
	android:windowSoftInputMode
		ADDED from src/main/AndroidManifest.xml:245:13-54
	android:configChanges
		ADDED from src/main/AndroidManifest.xml:242:13-59
	android:theme
		ADDED from src/main/AndroidManifest.xml:244:13-56
	android:name
		ADDED from src/main/AndroidManifest.xml:240:13-52
activity#com.system.mobile.lay_bare.Location.LocationDetails
ADDED from src/main/AndroidManifest.xml:247:9-253:66
	android:screenOrientation
		ADDED from src/main/AndroidManifest.xml:251:13-49
	android:label
		ADDED from src/main/AndroidManifest.xml:249:13-29
	android:windowSoftInputMode
		ADDED from src/main/AndroidManifest.xml:253:13-54
	android:configChanges
		ADDED from src/main/AndroidManifest.xml:250:13-59
	android:theme
		ADDED from src/main/AndroidManifest.xml:252:13-56
	android:name
		ADDED from src/main/AndroidManifest.xml:248:13-53
activity#com.system.mobile.lay_bare.Location.LocationIndex
ADDED from src/main/AndroidManifest.xml:255:9-261:66
	android:screenOrientation
		ADDED from src/main/AndroidManifest.xml:259:13-49
	android:label
		ADDED from src/main/AndroidManifest.xml:257:13-29
	android:windowSoftInputMode
		ADDED from src/main/AndroidManifest.xml:261:13-54
	android:configChanges
		ADDED from src/main/AndroidManifest.xml:258:13-59
	android:theme
		ADDED from src/main/AndroidManifest.xml:260:13-56
	android:name
		ADDED from src/main/AndroidManifest.xml:256:13-51
activity#com.system.mobile.lay_bare.ClientTransactions.ClientTransactionDetails
ADDED from src/main/AndroidManifest.xml:263:9-269:66
	android:screenOrientation
		ADDED from src/main/AndroidManifest.xml:267:13-49
	android:label
		ADDED from src/main/AndroidManifest.xml:265:13-29
	android:windowSoftInputMode
		ADDED from src/main/AndroidManifest.xml:269:13-54
	android:configChanges
		ADDED from src/main/AndroidManifest.xml:266:13-59
	android:theme
		ADDED from src/main/AndroidManifest.xml:268:13-56
	android:name
		ADDED from src/main/AndroidManifest.xml:264:13-72
activity#com.system.mobile.lay_bare.PLC.PremierClient
ADDED from src/main/AndroidManifest.xml:271:9-277:66
	android:screenOrientation
		ADDED from src/main/AndroidManifest.xml:275:13-49
	android:label
		ADDED from src/main/AndroidManifest.xml:273:13-29
	android:windowSoftInputMode
		ADDED from src/main/AndroidManifest.xml:277:13-54
	android:configChanges
		ADDED from src/main/AndroidManifest.xml:274:13-59
	android:theme
		ADDED from src/main/AndroidManifest.xml:276:13-56
	android:name
		ADDED from src/main/AndroidManifest.xml:272:13-46
activity#com.system.mobile.lay_bare.PLC.PLCRequests
ADDED from src/main/AndroidManifest.xml:279:9-285:66
	android:screenOrientation
		ADDED from src/main/AndroidManifest.xml:283:13-49
	android:label
		ADDED from src/main/AndroidManifest.xml:281:13-29
	android:windowSoftInputMode
		ADDED from src/main/AndroidManifest.xml:285:13-54
	android:configChanges
		ADDED from src/main/AndroidManifest.xml:282:13-59
	android:theme
		ADDED from src/main/AndroidManifest.xml:284:13-56
	android:name
		ADDED from src/main/AndroidManifest.xml:280:13-44
activity#com.system.mobile.lay_bare.PLC.PLCPreviewLogs
ADDED from src/main/AndroidManifest.xml:287:9-293:66
	android:screenOrientation
		ADDED from src/main/AndroidManifest.xml:291:13-49
	android:label
		ADDED from src/main/AndroidManifest.xml:289:13-29
	android:windowSoftInputMode
		ADDED from src/main/AndroidManifest.xml:293:13-54
	android:configChanges
		ADDED from src/main/AndroidManifest.xml:290:13-59
	android:theme
		ADDED from src/main/AndroidManifest.xml:292:13-56
	android:name
		ADDED from src/main/AndroidManifest.xml:288:13-47
activity#com.system.mobile.lay_bare.PLC.PreviewPLCCard
ADDED from src/main/AndroidManifest.xml:295:9-301:66
	android:screenOrientation
		ADDED from src/main/AndroidManifest.xml:299:13-50
	android:label
		ADDED from src/main/AndroidManifest.xml:297:13-29
	android:windowSoftInputMode
		ADDED from src/main/AndroidManifest.xml:301:13-54
	android:configChanges
		ADDED from src/main/AndroidManifest.xml:298:13-59
	android:theme
		ADDED from src/main/AndroidManifest.xml:300:13-53
	android:name
		ADDED from src/main/AndroidManifest.xml:296:13-47
activity#com.system.mobile.lay_bare.ChatMessage.ChatMessage
ADDED from src/main/AndroidManifest.xml:303:9-309:55
	android:screenOrientation
		ADDED from src/main/AndroidManifest.xml:307:13-49
	android:label
		ADDED from src/main/AndroidManifest.xml:306:13-29
	android:windowSoftInputMode
		ADDED from src/main/AndroidManifest.xml:309:13-52
	android:configChanges
		ADDED from src/main/AndroidManifest.xml:305:13-59
	android:theme
		ADDED from src/main/AndroidManifest.xml:308:13-56
	android:name
		ADDED from src/main/AndroidManifest.xml:304:13-52
activity#com.system.mobile.lay_bare.ChatMessage.ChatInbox
ADDED from src/main/AndroidManifest.xml:311:9-317:58
	android:screenOrientation
		ADDED from src/main/AndroidManifest.xml:315:13-49
	android:label
		ADDED from src/main/AndroidManifest.xml:314:13-29
	android:windowSoftInputMode
		ADDED from src/main/AndroidManifest.xml:317:13-55
	android:configChanges
		ADDED from src/main/AndroidManifest.xml:313:13-59
	android:theme
		ADDED from src/main/AndroidManifest.xml:316:13-56
	android:name
		ADDED from src/main/AndroidManifest.xml:312:13-50
activity#com.system.mobile.lay_bare.Location.BranchReview
ADDED from src/main/AndroidManifest.xml:319:9-324:63
	android:screenOrientation
		ADDED from src/main/AndroidManifest.xml:322:13-49
	android:label
		ADDED from src/main/AndroidManifest.xml:321:13-29
	android:windowSoftInputMode
		ADDED from src/main/AndroidManifest.xml:324:13-60
	android:theme
		ADDED from src/main/AndroidManifest.xml:323:13-56
	android:name
		ADDED from src/main/AndroidManifest.xml:320:13-50
activity#com.system.mobile.lay_bare.Notifications.NotificationCenter
ADDED from src/main/AndroidManifest.xml:326:9-331:63
	android:screenOrientation
		ADDED from src/main/AndroidManifest.xml:329:13-49
	android:label
		ADDED from src/main/AndroidManifest.xml:328:13-29
	android:windowSoftInputMode
		ADDED from src/main/AndroidManifest.xml:331:13-60
	android:theme
		ADDED from src/main/AndroidManifest.xml:330:13-56
	android:name
		ADDED from src/main/AndroidManifest.xml:327:13-61
activity#com.system.mobile.lay_bare.Notifications.NotificationDetails
ADDED from src/main/AndroidManifest.xml:333:9-338:63
	android:screenOrientation
		ADDED from src/main/AndroidManifest.xml:336:13-49
	android:label
		ADDED from src/main/AndroidManifest.xml:335:13-29
	android:windowSoftInputMode
		ADDED from src/main/AndroidManifest.xml:338:13-60
	android:theme
		ADDED from src/main/AndroidManifest.xml:337:13-56
	android:name
		ADDED from src/main/AndroidManifest.xml:334:13-62
activity#com.system.mobile.lay_bare.PLC.PLCLogHistory
ADDED from src/main/AndroidManifest.xml:340:9-345:57
	android:screenOrientation
		ADDED from src/main/AndroidManifest.xml:343:13-49
	android:label
		ADDED from src/main/AndroidManifest.xml:342:13-29
	android:windowSoftInputMode
		ADDED from src/main/AndroidManifest.xml:345:13-54
	android:theme
		ADDED from src/main/AndroidManifest.xml:344:13-56
	android:name
		ADDED from src/main/AndroidManifest.xml:341:13-46